\BOOKMARK [0][-]{toc.0}{\376\377\000C\000o\000n\000t\000e\000n\000t\000s}{}% 1
\BOOKMARK [0][-]{chapter*.2}{\376\377\000P\000r\000e\000f\000a\000c\000e}{}% 2
\BOOKMARK [0][-]{chapter.1}{\376\377\000V\000e\000c\000t\000o\000r\000\040\000S\000p\000a\000c\000e\000s}{}% 3
\BOOKMARK [1][-]{section.1.1}{\376\377\000S\000p\000a\000c\000e\000s\000\040\000a\000n\000d\000\040\000S\000u\000b\000s\000p\000a\000c\000e\000s}{chapter.1}% 4
\BOOKMARK [1][-]{section.1.2}{\376\377\000L\000i\000n\000e\000a\000r\000\040\000I\000n\000d\000e\000p\000e\000n\000d\000e\000n\000c\000e}{chapter.1}% 5
\BOOKMARK [1][-]{section.1.3}{\376\377\000B\000a\000s\000e\000s}{chapter.1}% 6
\BOOKMARK [1][-]{section.1.4}{\376\377\000D\000i\000r\000e\000c\000t\000\040\000S\000u\000m}{chapter.1}% 7
\BOOKMARK [1][-]{section.1.5}{\376\377\000T\000e\000n\000s\000o\000r\000\040\000P\000r\000o\000d\000u\000c\000t}{chapter.1}% 8
\BOOKMARK [0][-]{chapter.2}{\376\377\000L\000i\000n\000e\000a\000r\000\040\000F\000u\000n\000c\000t\000i\000o\000n\000s}{}% 9
\BOOKMARK [1][-]{section.2.1}{\376\377\000L\000i\000n\000e\000a\000r\000i\000t\000y}{chapter.2}% 10
\BOOKMARK [1][-]{section.2.2}{\376\377\000M\000a\000t\000r\000i\000c\000e\000s}{chapter.2}% 11
\BOOKMARK [1][-]{section.2.3}{\376\377\000A\000b\000s\000t\000r\000a\000c\000t\000\040\000S\000p\000a\000c\000e\000s\000\040\000a\000n\000d\000\040\000I\000s\000o\000m\000o\000r\000p\000h\000i\000s\000m}{chapter.2}% 12
\BOOKMARK [0][-]{chapter.3}{\376\377\000L\000i\000n\000e\000a\000r\000\040\000S\000y\000s\000t\000e\000m\000s\000\040\000o\000f\000\040\000E\000q\000u\000a\000t\000i\000o\000n\000s}{}% 13
\BOOKMARK [1][-]{section.3.1}{\376\377\000R\000a\000n\000k}{chapter.3}% 14
\BOOKMARK [1][-]{section.3.2}{\376\377\000F\000o\000r\000m}{chapter.3}% 15
\BOOKMARK [1][-]{section.3.3}{\376\377\000S\000o\000l\000u\000t\000i\000o\000n}{chapter.3}% 16
\BOOKMARK [0][-]{chapter.4}{\376\377\000T\000h\000e\000\040\000D\000e\000t\000e\000r\000m\000i\000n\000a\000n\000t}{}% 17
\BOOKMARK [1][-]{section.4.1}{\376\377\000P\000e\000r\000m\000u\000a\000t\000i\000o\000n\000s}{chapter.4}% 18
\BOOKMARK [1][-]{section.4.2}{\376\377\000C\000o\000f\000a\000c\000t\000o\000r\000\040\000E\000x\000p\000a\000n\000s\000i\000o\000n}{chapter.4}% 19
\BOOKMARK [1][-]{section.4.3}{\376\377\000M\000u\000l\000t\000i\000l\000i\000n\000e\000a\000r\000\040\000a\000n\000d\000\040\000A\000l\000t\000e\000r\000n\000a\000t\000i\000n\000g}{chapter.4}% 20
\BOOKMARK [1][-]{section.4.4}{\376\377\000P\000r\000o\000p\000e\000r\000t\000i\000e\000s}{chapter.4}% 21
\BOOKMARK [1][-]{section.4.5}{\376\377\000M\000e\000a\000s\000u\000r\000e}{chapter.4}% 22
\BOOKMARK [0][-]{chapter.5}{\376\377\000E\000i\000g\000e\000n\000s\000p\000a\000c\000e\000s}{}% 23
\BOOKMARK [1][-]{section.5.1}{\376\377\000C\000h\000a\000r\000a\000c\000t\000e\000r\000i\000s\000t\000i\000c\000\040\000P\000o\000l\000y\000n\000o\000m\000i\000a\000l}{chapter.5}% 24
\BOOKMARK [1][-]{section.5.2}{\376\377\000D\000i\000a\000g\000o\000n\000a\000l\000i\000z\000a\000t\000i\000o\000n\000\040\000a\000n\000d\000\040\000S\000i\000m\000i\000l\000a\000r\000i\000t\000y}{chapter.5}% 25
\BOOKMARK [0][-]{chapter.6}{\376\377\000O\000r\000t\000h\000o\000g\000o\000n\000a\000l\000i\000t\000y}{}% 26
\BOOKMARK [1][-]{section.6.1}{\376\377\000I\000n\000n\000e\000r\000\040\000P\000r\000o\000d\000u\000c\000t\000s}{chapter.6}% 27
\BOOKMARK [1][-]{section.6.2}{\376\377\000P\000r\000o\000j\000e\000c\000t\000i\000o\000n\000s}{chapter.6}% 28
\BOOKMARK [1][-]{section.6.3}{\376\377\000O\000r\000t\000h\000o\000g\000o\000n\000a\000l\000\040\000P\000r\000o\000j\000e\000c\000t\000i\000o\000n}{chapter.6}% 29
\BOOKMARK [1][-]{section.6.4}{\376\377\000T\000h\000e\000\040\000A\000d\000j\000o\000i\000n\000t}{chapter.6}% 30
\BOOKMARK [1][-]{section.6.5}{\376\377\000N\000o\000r\000m\000a\000l\000\040\000a\000n\000d\000\040\000U\000n\000i\000t\000a\000r\000y\000\040\000O\000p\000e\000r\000a\000t\000o\000r\000s}{chapter.6}% 31
\BOOKMARK [1][-]{section.6.6}{\376\377\000D\000e\000f\000i\000n\000i\000t\000e\000n\000e\000s\000s}{chapter.6}% 32
\BOOKMARK [0][-]{chapter.7}{\376\377\000M\000a\000t\000r\000i\000x\000\040\000D\000e\000c\000o\000m\000p\000o\000s\000i\000t\000i\000o\000n}{}% 33
\BOOKMARK [1][-]{section.7.1}{\376\377\000L\000U\000\040\000e\000t\000c\000.}{chapter.7}% 34
\BOOKMARK [1][-]{section.7.2}{\376\377\000S\000c\000h\000u\000r\000'\000s\000\040\000T\000h\000e\000o\000r\000e\000m}{chapter.7}% 35
\BOOKMARK [1][-]{section.7.3}{\376\377\000S\000p\000e\000c\000t\000r\000a\000l\000\040\000T\000h\000e\000o\000r\000e\000m}{chapter.7}% 36
\BOOKMARK [1][-]{section.7.4}{\376\377\000S\000i\000n\000g\000u\000l\000a\000r\000\040\000V\000a\000l\000u\000e\000\040\000D\000e\000c\000o\000m\000p\000o\000s\000i\000t\000i\000o\000n}{chapter.7}% 37
\BOOKMARK [1][-]{section.7.5}{\376\377\000P\000o\000l\000a\000r\000\040\000D\000e\000c\000o\000m\000p\000o\000s\000i\000t\000i\000o\000n}{chapter.7}% 38
\BOOKMARK [0][-]{appendix.A}{\376\377\000S\000e\000t\000\040\000T\000h\000e\000o\000r\000y}{}% 39
\BOOKMARK [0][-]{appendix.B}{\376\377\000T\000h\000e\000\040\000C\000o\000m\000p\000l\000e\000x\000\040\000F\000i\000e\000l\000d}{}% 40
\BOOKMARK [0][-]{appendix.C}{\376\377\000B\000l\000o\000c\000k\000\040\000M\000a\000t\000r\000i\000c\000e\000s}{}% 41
\BOOKMARK [0][-]{appendix.D}{\376\377\000M\000u\000l\000t\000i\000l\000i\000n\000e\000a\000r\000i\000t\000y\000\040\000a\000n\000d\000\040\000S\000e\000s\000q\000u\000i\000l\000i\000n\000e\000a\000r\000i\000t\000y}{}% 42
\BOOKMARK [0][-]{section*.3}{\376\377\000R\000e\000f\000e\000r\000e\000n\000c\000e\000s}{}% 43
